<?xml version="1.0" encoding="UTF-8"?>
<testsuite xmlns:xsi="http://www.w3.org/2001/XMLSchema-instance" xsi:noNamespaceSchemaLocation="https://maven.apache.org/surefire/maven-surefire-plugin/xsd/surefire-test-report-3.0.xsd" version="3.0" name="com.sapient.trg.service.MessageBuilderTest" time="0.021" tests="3" errors="0" skipped="0" failures="0">
  <properties>
[...]
</properties>
  <testcase name="testGetMessageForValidName" classname="com.sapient.trg.service.MessageBuilderTest" time="0.016"/>
  <testcase name="testGetMessageForNull" classname="com.sapient.trg.service.MessageBuilderTest" time="0"/>
  <testcase name="testGetMessageForInValidName" classname="com.sapient.trg.service.MessageBuilderTest" time="0"/>
</testsuite>